[2022-11-25 10:18:35,953] - log.py] - INFO: 查询2022-2023秋学期所有状态的教学上报
[2022-11-25 10:18:36,127] - log.py] - INFO: 查询2022-2023秋学期已提交的教学上报
[2022-11-25 10:18:36,283] - log.py] - INFO: 查询2022-2023秋学期未提交的教学上报
[2022-11-25 10:20:52,323] - log.py] - INFO: 查询2022-2023秋学期所有状态的教学上报
[2022-11-25 10:21:48,181] - log.py] - INFO: 查询2022-2023秋学期所有状态的教学上报
[2022-11-25 10:23:48,317] - log.py] - INFO: 查询2022-2023秋学期所有状态的教学上报
[2022-11-25 10:26:38,426] - log.py] - INFO: 查询2022-2023秋学期所有状态的教学上报
[2022-11-25 10:28:36,146] - log.py] - INFO: 查询2022-2023秋学期所有状态的教学上报
[2022-11-25 10:30:14,846] - log.py] - INFO: 查询2022-2023秋学期所有状态的教学上报
[2022-11-25 10:31:53,759] - log.py] - INFO: 查询2022-2023秋学期所有状态的教学上报
[2022-11-25 10:33:51,772] - log.py] - INFO: 查询2022-2023秋学期所有状态的教学上报
[2022-11-25 10:34:24,845] - log.py] - INFO: 查询2022-2023秋学期所有状态的教学上报
[2022-11-25 10:36:48,079] - log.py] - INFO: 查询2022-2023秋学期所有状态的教学上报
[2022-11-25 10:38:27,373] - log.py] - INFO: 查询2022-2023秋学期所有状态的教学上报
[2022-11-25 10:40:33,034] - log.py] - INFO: 查询2022-2023秋学期所有状态的教学上报
[2022-11-25 10:41:01,781] - log.py] - INFO: 查询2022-2023秋学期所有状态的教学上报
[2022-11-25 10:41:12,353] - log.py] - INFO: 查询2022-2023秋学期所有状态的教学上报
[2022-11-25 10:41:30,914] - log.py] - INFO: 查询2022-2023秋学期所有状态的教学上报
[2022-11-25 10:42:02,430] - log.py] - INFO: 查询2022-2023秋学期所有状态的教学上报
[2022-11-25 10:42:34,757] - log.py] - INFO: 查询2022-2023秋学期所有状态的教学上报
[2022-11-25 10:43:14,001] - log.py] - INFO: 查询2022-2023秋学期所有状态的教学上报
[2022-11-25 10:43:21,015] - log.py] - INFO: 查询2022-2023秋学期所有状态的教学上报
[2022-11-25 10:43:38,719] - log.py] - INFO: 查询2022-2023秋学期所有状态的教学上报
[2022-11-25 10:44:36,722] - log.py] - INFO: 查询2022-2023秋学期所有状态的教学上报
[2022-11-25 10:45:15,441] - log.py] - INFO: 查询2022-2023秋学期所有状态的教学上报
[2022-11-25 11:36:53,030] - log.py] - INFO: 查询2022-2023秋学期所有状态的作业方案上报
[2022-11-25 15:07:58,444] - log.py] - INFO: 修改作业方案上报
[2022-11-25 15:21:51,362] - log.py] - INFO: 修改作业方案上报保存并提交
[2022-11-25 15:21:51,567] - log.py] - INFO: 修改作业方案上报保存并提交
[2022-11-25 15:35:57,700] - log.py] - INFO: 作业方案详情
[2022-11-25 16:29:45,120] - log.py] - INFO: 新增作业方案上报
[2022-11-25 16:30:02,281] - log.py] - INFO: 新增作业方案上报
[2022-11-25 16:39:11,857] - log.py] - INFO: 查询2022-2023秋学期所有状态的作业方案上报
[2022-11-25 16:39:12,392] - log.py] - INFO: 查询2022-2023秋学期已提交的作业方案上报
[2022-11-25 16:39:12,686] - log.py] - INFO: 查询2022-2023秋学期未提交的作业方案上报
[2022-11-25 16:39:12,859] - log.py] - INFO: 新增作业方案上报
[2022-11-25 16:39:13,146] - log.py] - INFO: 修改作业方案上报保存并提交
[2022-11-25 16:39:13,302] - log.py] - INFO: 修改作业方案上报保存并提交
[2022-11-25 16:39:13,591] - log.py] - INFO: 作业方案详情
[2022-11-25 16:39:46,998] - log.py] - INFO: 查询2022-2023秋学期所有状态的作业方案上报
[2022-11-25 16:39:47,126] - log.py] - INFO: 查询2022-2023秋学期已提交的作业方案上报
[2022-11-25 16:39:47,233] - log.py] - INFO: 查询2022-2023秋学期未提交的作业方案上报
[2022-11-25 16:39:47,353] - log.py] - INFO: 新增作业方案上报
[2022-11-25 16:39:47,546] - log.py] - INFO: 修改作业方案上报保存并提交
[2022-11-25 16:39:47,650] - log.py] - INFO: 修改作业方案上报保存并提交
[2022-11-25 16:39:47,857] - log.py] - INFO: 作业方案详情
[2022-11-25 17:19:56,876] - log.py] - INFO: 新增作业方案上报
[2022-11-25 17:57:23,796] - log.py] - INFO: 修改作业方案保存
[2022-11-25 17:57:23,922] - log.py] - INFO: 修改作业方案保存
[2022-11-25 17:57:47,439] - log.py] - INFO: 修改作业方案保存
[2022-11-25 17:57:47,682] - log.py] - INFO: 修改作业方案保存
[2022-11-25 17:58:22,432] - log.py] - INFO: 修改作业方案保存
[2022-11-25 17:58:22,509] - log.py] - INFO: 修改作业方案保存
[2022-11-25 17:58:28,533] - log.py] - INFO: 修改作业方案保存
[2022-11-25 17:58:28,628] - log.py] - INFO: 修改作业方案保存
